2024-08-22 16:53:45 --- [INFO] --- Starting HrPortalApplication using Java 22.0.1 with PID 12744 (C:\Sahu\ProjectsWithIntellijCommunity\HrPortalWithThymeleaf\target\classes started by Administrator in C:\Sahu\ProjectsWithIntellijCommunity\HrPortalWithThymeleaf)
2024-08-22 16:53:45 --- [INFO] --- No active profile set, falling back to 1 default profile: "default"
2024-08-22 16:53:46 --- [INFO] --- Bootstrapping Spring Data JPA repositories in DEFAULT mode.
2024-08-22 16:53:46 --- [INFO] --- Finished Spring Data repository scanning in 106 ms. Found 5 JPA repository interfaces.
2024-08-22 16:53:47 --- [INFO] --- Tomcat initialized with port 8888 (http)
2024-08-22 16:53:47 --- [INFO] --- Initializing ProtocolHandler ["http-nio-8888"]
2024-08-22 16:53:47 --- [INFO] --- Starting service [Tomcat]
2024-08-22 16:53:47 --- [INFO] --- Starting Servlet engine: [Apache Tomcat/10.1.26]
2024-08-22 16:53:48 --- [INFO] --- Initializing Spring embedded WebApplicationContext
2024-08-22 16:53:48 --- [INFO] --- Root WebApplicationContext: initialization completed in 2808 ms
2024-08-22 16:53:48 --- [INFO] --- HHH000204: Processing PersistenceUnitInfo [name: default]
2024-08-22 16:53:48 --- [INFO] --- HHH000412: Hibernate ORM core version 6.5.2.Final
2024-08-22 16:53:48 --- [INFO] --- HHH000026: Second-level cache disabled
2024-08-22 16:53:49 --- [INFO] --- No LoadTimeWeaver setup: ignoring JPA class transformer
2024-08-22 16:53:49 --- [INFO] --- HikariPool-1 - Starting...
2024-08-22 16:53:49 --- [INFO] --- HikariPool-1 - Added connection org.postgresql.jdbc.PgConnection@51e94b7d
2024-08-22 16:53:49 --- [INFO] --- HikariPool-1 - Start completed.
2024-08-22 16:53:49 --- [WARN] --- HHH90000025: PostgreSQLDialect does not need to be specified explicitly using 'hibernate.dialect' (remove the property setting and it will be selected by default)
2024-08-22 16:53:51 --- [INFO] --- HHH000489: No JTA platform available (set 'hibernate.transaction.jta.platform' to enable JTA platform integration)
2024-08-22 16:53:51 --- [INFO] --- Initialized JPA EntityManagerFactory for persistence unit 'default'
2024-08-22 16:53:52 --- [WARN] --- spring.jpa.open-in-view is enabled by default. Therefore, database queries may be performed during view rendering. Explicitly configure spring.jpa.open-in-view to disable this warning
2024-08-22 16:53:52 --- [INFO] --- Global AuthenticationManager configured with UserDetailsService bean with name credentialsService
2024-08-22 16:53:53 --- [INFO] --- Starting ProtocolHandler ["http-nio-8888"]
2024-08-22 16:53:53 --- [INFO] --- Tomcat started on port 8888 (http) with context path '/'
2024-08-22 16:53:53 --- [INFO] --- Started HrPortalApplication in 8.833 seconds (process running for 9.89)
2024-08-22 16:53:57 --- [INFO] --- Initializing Spring DispatcherServlet 'dispatcherServlet'
2024-08-22 16:53:57 --- [INFO] --- Initializing Servlet 'dispatcherServlet'
2024-08-22 16:53:57 --- [INFO] --- Completed initialization in 3 ms
