2024-08-09 14:29:00 - Starting HrPortalApplication using Java 22.0.1 with PID 1576 (C:\Sahu\ProjectsWithIntellijCommunity\HrPortalWithThymeleaf\target\classes started by Administrator in C:\Sahu\ProjectsWithIntellijCommunity\HrPortalWithThymeleaf)
2024-08-09 14:29:00 - No active profile set, falling back to 1 default profile: "default"
2024-08-09 14:29:02 - Bootstrapping Spring Data JPA repositories in DEFAULT mode.
2024-08-09 14:29:02 - Finished Spring Data repository scanning in 75 ms. Found 5 JPA repository interfaces.
2024-08-09 14:29:02 - Tomcat initialized with port 8888 (http)
2024-08-09 14:29:02 - Initializing ProtocolHandler ["http-nio-8888"]
2024-08-09 14:29:02 - Starting service [Tomcat]
2024-08-09 14:29:02 - Starting Servlet engine: [Apache Tomcat/10.1.26]
2024-08-09 14:29:03 - Initializing Spring embedded WebApplicationContext
2024-08-09 14:29:03 - Root WebApplicationContext: initialization completed in 2143 ms
2024-08-09 14:29:03 - HHH000204: Processing PersistenceUnitInfo [name: default]
2024-08-09 14:29:03 - HHH000412: Hibernate ORM core version 6.5.2.Final
2024-08-09 14:29:03 - HHH000026: Second-level cache disabled
2024-08-09 14:29:03 - No LoadTimeWeaver setup: ignoring JPA class transformer
2024-08-09 14:29:03 - HikariPool-1 - Starting...
2024-08-09 14:29:04 - HikariPool-1 - Added connection org.postgresql.jdbc.PgConnection@1ba35152
2024-08-09 14:29:04 - HikariPool-1 - Start completed.
2024-08-09 14:29:04 - HHH90000025: PostgreSQLDialect does not need to be specified explicitly using 'hibernate.dialect' (remove the property setting and it will be selected by default)
2024-08-09 14:29:05 - HHH000489: No JTA platform available (set 'hibernate.transaction.jta.platform' to enable JTA platform integration)
2024-08-09 14:29:05 - Initialized JPA EntityManagerFactory for persistence unit 'default'
2024-08-09 14:29:06 - spring.jpa.open-in-view is enabled by default. Therefore, database queries may be performed during view rendering. Explicitly configure spring.jpa.open-in-view to disable this warning
2024-08-09 14:29:06 - Starting ProtocolHandler ["http-nio-8888"]
2024-08-09 14:29:06 - Tomcat started on port 8888 (http) with context path '/'
2024-08-09 14:29:06 - Started HrPortalApplication in 6.629 seconds (process running for 7.543)
2024-08-09 14:29:17 - Initializing Spring DispatcherServlet 'dispatcherServlet'
2024-08-09 14:29:17 - Initializing Servlet 'dispatcherServlet'
2024-08-09 14:29:17 - Completed initialization in 4 ms
2024-08-09 14:29:18 - Init duration for springdoc-openapi is: 1091 ms
