2024-08-06 18:20:50 - Starting HrPortalApplication using Java 22.0.1 with PID 11236 (C:\Sahu\ProjectsWithIntellijCommunity\HrPortal\target\classes started by Administrator in C:\Sahu\ProjectsWithIntellijCommunity\HrPortal)
2024-08-06 18:20:50 - No active profile set, falling back to 1 default profile: "default"
2024-08-06 18:20:51 - Bootstrapping Spring Data JPA repositories in DEFAULT mode.
2024-08-06 18:20:51 - Finished Spring Data repository scanning in 93 ms. Found 5 JPA repository interfaces.
2024-08-06 18:20:52 - Tomcat initialized with port 7777 (http)
2024-08-06 18:20:52 - Initializing ProtocolHandler ["http-nio-7777"]
2024-08-06 18:20:52 - Starting service [Tomcat]
2024-08-06 18:20:52 - Starting Servlet engine: [Apache Tomcat/10.1.26]
2024-08-06 18:20:52 - Initializing Spring embedded WebApplicationContext
2024-08-06 18:20:52 - Root WebApplicationContext: initialization completed in 2546 ms
2024-08-06 18:20:53 - HHH000204: Processing PersistenceUnitInfo [name: default]
2024-08-06 18:20:53 - HHH000412: Hibernate ORM core version 6.5.2.Final
2024-08-06 18:20:53 - HHH000026: Second-level cache disabled
2024-08-06 18:20:53 - No LoadTimeWeaver setup: ignoring JPA class transformer
2024-08-06 18:20:53 - HikariPool-1 - Starting...
2024-08-06 18:20:53 - HikariPool-1 - Added connection org.postgresql.jdbc.PgConnection@3fd33f48
2024-08-06 18:20:53 - HikariPool-1 - Start completed.
2024-08-06 18:20:53 - HHH90000025: PostgreSQLDialect does not need to be specified explicitly using 'hibernate.dialect' (remove the property setting and it will be selected by default)
2024-08-06 18:20:55 - HHH000489: No JTA platform available (set 'hibernate.transaction.jta.platform' to enable JTA platform integration)
2024-08-06 18:20:55 - Initialized JPA EntityManagerFactory for persistence unit 'default'
2024-08-06 18:20:56 - spring.jpa.open-in-view is enabled by default. Therefore, database queries may be performed during view rendering. Explicitly configure spring.jpa.open-in-view to disable this warning
2024-08-06 18:20:56 - Global AuthenticationManager configured with UserDetailsService bean with name credentialsService
2024-08-06 18:20:57 - Starting ProtocolHandler ["http-nio-7777"]
2024-08-06 18:20:57 - Tomcat started on port 7777 (http) with context path '/'
2024-08-06 18:20:57 - Started HrPortalApplication in 7.563 seconds (process running for 8.365)
