2024-08-27 14:19:25 --- [INFO] --- Closing JPA EntityManagerFactory for persistence unit 'default'
2024-08-27 14:19:25 --- [INFO] --- HikariPool-1 - Shutdown initiated...
2024-08-27 14:19:25 --- [INFO] --- HikariPool-1 - Shutdown completed.
2024-08-27 14:19:33 --- [INFO] --- Starting HrPortalApplication using Java 22.0.1 with PID 8292 (C:\Sahu\ProjectsWithIntellijCommunity\HrPortalWithThymeleaf\target\classes started by Administrator in C:\Sahu\ProjectsWithIntellijCommunity\HrPortalWithThymeleaf)
2024-08-27 14:19:33 --- [INFO] --- No active profile set, falling back to 1 default profile: "default"
2024-08-27 14:19:34 --- [INFO] --- Bootstrapping Spring Data JPA repositories in DEFAULT mode.
2024-08-27 14:19:35 --- [INFO] --- Finished Spring Data repository scanning in 111 ms. Found 5 JPA repository interfaces.
2024-08-27 14:19:36 --- [INFO] --- Tomcat initialized with port 8888 (http)
2024-08-27 14:19:36 --- [INFO] --- Initializing ProtocolHandler ["http-nio-8888"]
2024-08-27 14:19:36 --- [INFO] --- Starting service [Tomcat]
2024-08-27 14:19:36 --- [INFO] --- Starting Servlet engine: [Apache Tomcat/10.1.26]
2024-08-27 14:19:36 --- [INFO] --- Initializing Spring embedded WebApplicationContext
2024-08-27 14:19:36 --- [INFO] --- Root WebApplicationContext: initialization completed in 3227 ms
2024-08-27 14:19:37 --- [INFO] --- HHH000204: Processing PersistenceUnitInfo [name: default]
2024-08-27 14:19:37 --- [INFO] --- HHH000412: Hibernate ORM core version 6.5.2.Final
2024-08-27 14:19:37 --- [INFO] --- HHH000026: Second-level cache disabled
2024-08-27 14:19:37 --- [INFO] --- No LoadTimeWeaver setup: ignoring JPA class transformer
2024-08-27 14:19:37 --- [INFO] --- HikariPool-1 - Starting...
2024-08-27 14:19:38 --- [INFO] --- HikariPool-1 - Added connection org.postgresql.jdbc.PgConnection@5d3b6585
2024-08-27 14:19:38 --- [INFO] --- HikariPool-1 - Start completed.
2024-08-27 14:19:38 --- [WARN] --- HHH90000025: PostgreSQLDialect does not need to be specified explicitly using 'hibernate.dialect' (remove the property setting and it will be selected by default)
2024-08-27 14:19:39 --- [INFO] --- HHH000489: No JTA platform available (set 'hibernate.transaction.jta.platform' to enable JTA platform integration)
2024-08-27 14:19:39 --- [INFO] --- Initialized JPA EntityManagerFactory for persistence unit 'default'
2024-08-27 14:19:40 --- [INFO] --- Hibernate is in classpath; If applicable, HQL parser will be used.
2024-08-27 14:19:41 --- [WARN] --- spring.jpa.open-in-view is enabled by default. Therefore, database queries may be performed during view rendering. Explicitly configure spring.jpa.open-in-view to disable this warning
2024-08-27 14:19:41 --- [INFO] --- Global AuthenticationManager configured with UserDetailsService bean with name credentialsService
2024-08-27 14:19:42 --- [INFO] --- Starting ProtocolHandler ["http-nio-8888"]
2024-08-27 14:19:42 --- [INFO] --- Tomcat started on port 8888 (http) with context path '/'
2024-08-27 14:19:42 --- [INFO] --- Started HrPortalApplication in 10.143 seconds (process running for 11.187)
2024-08-27 14:19:57 --- [INFO] --- Initializing Spring DispatcherServlet 'dispatcherServlet'
2024-08-27 14:19:57 --- [INFO] --- Initializing Servlet 'dispatcherServlet'
2024-08-27 14:19:57 --- [INFO] --- Completed initialization in 1 ms
